[2020-12-16 14:26:50] development.ERROR: Twig\Error\SyntaxError: Unknown "partials" tag. Did you mean "partial" in "/Users/davinjaya/Sites/OctoberCMS/themes/demo/pages/hero.htm" at line 2? in /Users/davinjaya/Sites/OctoberCMS/vendor/twig/twig/src/Parser.php:175
Stack trace:
#0 /Users/davinjaya/Sites/OctoberCMS/vendor/twig/twig/src/Parser.php(98): Twig\Parser->subparse(NULL, false)
#1 /Users/davinjaya/Sites/OctoberCMS/vendor/twig/twig/src/Environment.php(563): Twig\Parser->parse(Object(Twig\TokenStream))
#2 /Users/davinjaya/Sites/OctoberCMS/vendor/twig/twig/src/Environment.php(595): Twig\Environment->parse(Object(Twig\TokenStream))
#3 /Users/davinjaya/Sites/OctoberCMS/vendor/twig/twig/src/Environment.php(408): Twig\Environment->compileSource(Object(Twig\Source))
#4 /Users/davinjaya/Sites/OctoberCMS/vendor/twig/twig/src/Environment.php(381): Twig\Environment->loadClass('__TwigTemplate_...', '/Users/davinjay...', NULL)
#5 /Users/davinjaya/Sites/OctoberCMS/modules/cms/Classes/Controller.php(424): Twig\Environment->loadTemplate('/Users/davinjay...')
#6 /Users/davinjaya/Sites/OctoberCMS/modules/cms/Classes/Controller.php(225): Cms\Classes\Controller->runPage(Object(Cms\Classes\Page))
#7 /Users/davinjaya/Sites/OctoberCMS/modules/cms/Classes/CmsController.php(50): Cms\Classes\Controller->run('demo/hero')
#8 [internal function]: Cms\Classes\CmsController->run('demo/hero')
#9 /Users/davinjaya/Sites/OctoberCMS/vendor/laravel/framework/src/Illuminate/Routing/Controller.php(54): call_user_func_array(Array, Array)
#10 /Users/davinjaya/Sites/OctoberCMS/vendor/laravel/framework/src/Illuminate/Routing/ControllerDispatcher.php(45): Illuminate\Routing\Controller->callAction('run', Array)
#11 /Users/davinjaya/Sites/OctoberCMS/vendor/laravel/framework/src/Illuminate/Routing/Route.php(212): Illuminate\Routing\ControllerDispatcher->dispatch(Object(Illuminate\Routing\Route), Object(Cms\Classes\CmsController), 'run')
#12 /Users/davinjaya/Sites/OctoberCMS/vendor/laravel/framework/src/Illuminate/Routing/Route.php(169): Illuminate\Routing\Route->runController()
#13 /Users/davinjaya/Sites/OctoberCMS/vendor/laravel/framework/src/Illuminate/Routing/Router.php(658): Illuminate\Routing\Route->run()
#14 /Users/davinjaya/Sites/OctoberCMS/vendor/laravel/framework/src/Illuminate/Routing/Pipeline.php(30): Illuminate\Routing\Router->Illuminate\Routing\{closure}(Object(Illuminate\Http\Request))
#15 /Users/davinjaya/Sites/OctoberCMS/vendor/laravel/framework/src/Illuminate/Routing/Middleware/SubstituteBindings.php(41): Illuminate\Routing\Pipeline->Illuminate\Routing\{closure}(Object(Illuminate\Http\Request))
#16 /Users/davinjaya/Sites/OctoberCMS/vendor/laravel/framework/src/Illuminate/Pipeline/Pipeline.php(149): Illuminate\Routing\Middleware\SubstituteBindings->handle(Object(Illuminate\Http\Request), Object(Closure))
#17 /Users/davinjaya/Sites/OctoberCMS/vendor/laravel/framework/src/Illuminate/Routing/Pipeline.php(53): Illuminate\Pipeline\Pipeline->Illuminate\Pipeline\{closure}(Object(Illuminate\Http\Request))
#18 /Users/davinjaya/Sites/OctoberCMS/vendor/laravel/framework/src/Illuminate/View/Middleware/ShareErrorsFromSession.php(49): Illuminate\Routing\Pipeline->Illuminate\Routing\{closure}(Object(Illuminate\Http\Request))
#19 /Users/davinjaya/Sites/OctoberCMS/vendor/laravel/framework/src/Illuminate/Pipeline/Pipeline.php(149): Illuminate\View\Middleware\ShareErrorsFromSession->handle(Object(Illuminate\Http\Request), Object(Closure))
#20 /Users/davinjaya/Sites/OctoberCMS/vendor/laravel/framework/src/Illuminate/Routing/Pipeline.php(53): Illuminate\Pipeline\Pipeline->Illuminate\Pipeline\{closure}(Object(Illuminate\Http\Request))
#21 /Users/davinjaya/Sites/OctoberCMS/vendor/laravel/framework/src/Illuminate/Session/Middleware/StartSession.php(63): Illuminate\Routing\Pipeline->Illuminate\Routing\{closure}(Object(Illuminate\Http\Request))
#22 /Users/davinjaya/Sites/OctoberCMS/vendor/laravel/framework/src/Illuminate/Pipeline/Pipeline.php(149): Illuminate\Session\Middleware\StartSession->handle(Object(Illuminate\Http\Request), Object(Closure))
#23 /Users/davinjaya/Sites/OctoberCMS/vendor/laravel/framework/src/Illuminate/Routing/Pipeline.php(53): Illuminate\Pipeline\Pipeline->Illuminate\Pipeline\{closure}(Object(Illuminate\Http\Request))
#24 /Users/davinjaya/Sites/OctoberCMS/vendor/laravel/framework/src/Illuminate/Cookie/Middleware/AddQueuedCookiesToResponse.php(37): Illuminate\Routing\Pipeline->Illuminate\Routing\{closure}(Object(Illuminate\Http\Request))
#25 /Users/davinjaya/Sites/OctoberCMS/vendor/laravel/framework/src/Illuminate/Pipeline/Pipeline.php(149): Illuminate\Cookie\Middleware\AddQueuedCookiesToResponse->handle(Object(Illuminate\Http\Request), Object(Closure))
#26 /Users/davinjaya/Sites/OctoberCMS/vendor/laravel/framework/src/Illuminate/Routing/Pipeline.php(53): Illuminate\Pipeline\Pipeline->Illuminate\Pipeline\{closure}(Object(Illuminate\Http\Request))
#27 /Users/davinjaya/Sites/OctoberCMS/vendor/laravel/framework/src/Illuminate/Cookie/Middleware/EncryptCookies.php(68): Illuminate\Routing\Pipeline->Illuminate\Routing\{closure}(Object(Illuminate\Http\Request))
#28 /Users/davinjaya/Sites/OctoberCMS/vendor/laravel/framework/src/Illuminate/Pipeline/Pipeline.php(149): Illuminate\Cookie\Middleware\EncryptCookies->handle(Object(Illuminate\Http\Request), Object(Closure))
#29 /Users/davinjaya/Sites/OctoberCMS/vendor/laravel/framework/src/Illuminate/Routing/Pipeline.php(53): Illuminate\Pipeline\Pipeline->Illuminate\Pipeline\{closure}(Object(Illuminate\Http\Request))
#30 /Users/davinjaya/Sites/OctoberCMS/vendor/laravel/framework/src/Illuminate/Pipeline/Pipeline.php(102): Illuminate\Routing\Pipeline->Illuminate\Routing\{closure}(Object(Illuminate\Http\Request))
#31 /Users/davinjaya/Sites/OctoberCMS/vendor/laravel/framework/src/Illuminate/Routing/Router.php(660): Illuminate\Pipeline\Pipeline->then(Object(Closure))
#32 /Users/davinjaya/Sites/OctoberCMS/vendor/laravel/framework/src/Illuminate/Routing/Router.php(635): Illuminate\Routing\Router->runRouteWithinStack(Object(Illuminate\Routing\Route), Object(Illuminate\Http\Request))
#33 /Users/davinjaya/Sites/OctoberCMS/vendor/laravel/framework/src/Illuminate/Routing/Router.php(601): Illuminate\Routing\Router->runRoute(Object(Illuminate\Http\Request), Object(Illuminate\Routing\Route))
#34 /Users/davinjaya/Sites/OctoberCMS/vendor/october/rain/src/Router/CoreRouter.php(20): Illuminate\Routing\Router->dispatchToRoute(Object(Illuminate\Http\Request))
#35 /Users/davinjaya/Sites/OctoberCMS/vendor/laravel/framework/src/Illuminate/Foundation/Http/Kernel.php(176): October\Rain\Router\CoreRouter->dispatch(Object(Illuminate\Http\Request))
#36 /Users/davinjaya/Sites/OctoberCMS/vendor/laravel/framework/src/Illuminate/Routing/Pipeline.php(30): Illuminate\Foundation\Http\Kernel->Illuminate\Foundation\Http\{closure}(Object(Illuminate\Http\Request))
#37 /Users/davinjaya/Sites/OctoberCMS/vendor/laravel/framework/src/Illuminate/Foundation/Http/Middleware/CheckForMaintenanceMode.php(46): Illuminate\Routing\Pipeline->Illuminate\Routing\{closure}(Object(Illuminate\Http\Request))
#38 /Users/davinjaya/Sites/OctoberCMS/vendor/october/rain/src/Foundation/Http/Middleware/CheckForMaintenanceMode.php(25): Illuminate\Foundation\Http\Middleware\CheckForMaintenanceMode->handle(Object(Illuminate\Http\Request), Object(Closure))
#39 /Users/davinjaya/Sites/OctoberCMS/vendor/laravel/framework/src/Illuminate/Pipeline/Pipeline.php(149): October\Rain\Foundation\Http\Middleware\CheckForMaintenanceMode->handle(Object(Illuminate\Http\Request), Object(Closure))
#40 /Users/davinjaya/Sites/OctoberCMS/vendor/laravel/framework/src/Illuminate/Routing/Pipeline.php(53): Illuminate\Pipeline\Pipeline->Illuminate\Pipeline\{closure}(Object(Illuminate\Http\Request))
#41 /Users/davinjaya/Sites/OctoberCMS/vendor/laravel/framework/src/Illuminate/Pipeline/Pipeline.php(102): Illuminate\Routing\Pipeline->Illuminate\Routing\{closure}(Object(Illuminate\Http\Request))
#42 /Users/davinjaya/Sites/OctoberCMS/vendor/laravel/framework/src/Illuminate/Foundation/Http/Kernel.php(151): Illuminate\Pipeline\Pipeline->then(Object(Closure))
#43 /Users/davinjaya/Sites/OctoberCMS/vendor/laravel/framework/src/Illuminate/Foundation/Http/Kernel.php(116): Illuminate\Foundation\Http\Kernel->sendRequestThroughRouter(Object(Illuminate\Http\Request))
#44 /Users/davinjaya/Sites/OctoberCMS/index.php(43): Illuminate\Foundation\Http\Kernel->handle(Object(Illuminate\Http\Request))
#45 {main}  
[2020-12-16 14:59:37] development.ERROR: Symfony\Component\Debug\Exception\FatalThrowableError: Parse error: syntax error, unexpected 'loadHeroBanner' (T_STRING), expecting function (T_FUNCTION) or const (T_CONST) in /Users/davinjaya/Sites/OctoberCMS/modules/cms/Classes/CodeParser.php(291) : eval()'d code:4
Stack trace:
#0 /Users/davinjaya/Sites/OctoberCMS/modules/cms/Classes/CodeParser.php(154): Cms\Classes\CodeParser->validate('<?php \nclass Cm...')
#1 /Users/davinjaya/Sites/OctoberCMS/modules/cms/Classes/CodeParser.php(112): Cms\Classes\CodeParser->rebuild('/Users/davinjay...')
#2 /Users/davinjaya/Sites/OctoberCMS/modules/cms/Classes/CodeParser.php(172): Cms\Classes\CodeParser->parse()
#3 /Users/davinjaya/Sites/OctoberCMS/modules/cms/Classes/Controller.php(1072): Cms\Classes\CodeParser->source(Object(Cms\Classes\Page), Object(Cms\Classes\Layout), Object(Cms\Classes\Controller))
#4 /Users/davinjaya/Sites/OctoberCMS/modules/cms/Twig/Extension.php(102): Cms\Classes\Controller->renderPartial('hero-banner.htm', Array, true)
#5 /Users/davinjaya/Sites/OctoberCMS/storage/cms/twig/bc/bcd026dbf5e4d42cf6662f9bbf97a400102aede518b59e835428dc6a4c4a781b.php(66): Cms\Twig\Extension->partialFunction('hero-banner.htm', Array, true)
#6 /Users/davinjaya/Sites/OctoberCMS/vendor/twig/twig/src/Template.php(407): __TwigTemplate_2cf55e4cd619e5d24e1560289c46a92c6f0048819344686bc7ad1be332772964->doDisplay(Array, Array)
#7 /Users/davinjaya/Sites/OctoberCMS/vendor/twig/twig/src/Template.php(380): Twig\Template->displayWithErrorHandling(Array, Array)
#8 /Users/davinjaya/Sites/OctoberCMS/vendor/twig/twig/src/Template.php(392): Twig\Template->display(Array)
#9 /Users/davinjaya/Sites/OctoberCMS/modules/cms/Classes/Controller.php(425): Twig\Template->render(Array)
#10 /Users/davinjaya/Sites/OctoberCMS/modules/cms/Classes/Controller.php(225): Cms\Classes\Controller->runPage(Object(Cms\Classes\Page))
#11 /Users/davinjaya/Sites/OctoberCMS/modules/cms/Classes/CmsController.php(50): Cms\Classes\Controller->run('demo/hero')
#12 [internal function]: Cms\Classes\CmsController->run('demo/hero')
#13 /Users/davinjaya/Sites/OctoberCMS/vendor/laravel/framework/src/Illuminate/Routing/Controller.php(54): call_user_func_array(Array, Array)
#14 /Users/davinjaya/Sites/OctoberCMS/vendor/laravel/framework/src/Illuminate/Routing/ControllerDispatcher.php(45): Illuminate\Routing\Controller->callAction('run', Array)
#15 /Users/davinjaya/Sites/OctoberCMS/vendor/laravel/framework/src/Illuminate/Routing/Route.php(212): Illuminate\Routing\ControllerDispatcher->dispatch(Object(Illuminate\Routing\Route), Object(Cms\Classes\CmsController), 'run')
#16 /Users/davinjaya/Sites/OctoberCMS/vendor/laravel/framework/src/Illuminate/Routing/Route.php(169): Illuminate\Routing\Route->runController()
#17 /Users/davinjaya/Sites/OctoberCMS/vendor/laravel/framework/src/Illuminate/Routing/Router.php(658): Illuminate\Routing\Route->run()
#18 /Users/davinjaya/Sites/OctoberCMS/vendor/laravel/framework/src/Illuminate/Routing/Pipeline.php(30): Illuminate\Routing\Router->Illuminate\Routing\{closure}(Object(Illuminate\Http\Request))
#19 /Users/davinjaya/Sites/OctoberCMS/vendor/laravel/framework/src/Illuminate/Routing/Middleware/SubstituteBindings.php(41): Illuminate\Routing\Pipeline->Illuminate\Routing\{closure}(Object(Illuminate\Http\Request))
#20 /Users/davinjaya/Sites/OctoberCMS/vendor/laravel/framework/src/Illuminate/Pipeline/Pipeline.php(149): Illuminate\Routing\Middleware\SubstituteBindings->handle(Object(Illuminate\Http\Request), Object(Closure))
#21 /Users/davinjaya/Sites/OctoberCMS/vendor/laravel/framework/src/Illuminate/Routing/Pipeline.php(53): Illuminate\Pipeline\Pipeline->Illuminate\Pipeline\{closure}(Object(Illuminate\Http\Request))
#22 /Users/davinjaya/Sites/OctoberCMS/vendor/laravel/framework/src/Illuminate/View/Middleware/ShareErrorsFromSession.php(49): Illuminate\Routing\Pipeline->Illuminate\Routing\{closure}(Object(Illuminate\Http\Request))
#23 /Users/davinjaya/Sites/OctoberCMS/vendor/laravel/framework/src/Illuminate/Pipeline/Pipeline.php(149): Illuminate\View\Middleware\ShareErrorsFromSession->handle(Object(Illuminate\Http\Request), Object(Closure))
#24 /Users/davinjaya/Sites/OctoberCMS/vendor/laravel/framework/src/Illuminate/Routing/Pipeline.php(53): Illuminate\Pipeline\Pipeline->Illuminate\Pipeline\{closure}(Object(Illuminate\Http\Request))
#25 /Users/davinjaya/Sites/OctoberCMS/vendor/laravel/framework/src/Illuminate/Session/Middleware/StartSession.php(63): Illuminate\Routing\Pipeline->Illuminate\Routing\{closure}(Object(Illuminate\Http\Request))
#26 /Users/davinjaya/Sites/OctoberCMS/vendor/laravel/framework/src/Illuminate/Pipeline/Pipeline.php(149): Illuminate\Session\Middleware\StartSession->handle(Object(Illuminate\Http\Request), Object(Closure))
#27 /Users/davinjaya/Sites/OctoberCMS/vendor/laravel/framework/src/Illuminate/Routing/Pipeline.php(53): Illuminate\Pipeline\Pipeline->Illuminate\Pipeline\{closure}(Object(Illuminate\Http\Request))
#28 /Users/davinjaya/Sites/OctoberCMS/vendor/laravel/framework/src/Illuminate/Cookie/Middleware/AddQueuedCookiesToResponse.php(37): Illuminate\Routing\Pipeline->Illuminate\Routing\{closure}(Object(Illuminate\Http\Request))
#29 /Users/davinjaya/Sites/OctoberCMS/vendor/laravel/framework/src/Illuminate/Pipeline/Pipeline.php(149): Illuminate\Cookie\Middleware\AddQueuedCookiesToResponse->handle(Object(Illuminate\Http\Request), Object(Closure))
#30 /Users/davinjaya/Sites/OctoberCMS/vendor/laravel/framework/src/Illuminate/Routing/Pipeline.php(53): Illuminate\Pipeline\Pipeline->Illuminate\Pipeline\{closure}(Object(Illuminate\Http\Request))
#31 /Users/davinjaya/Sites/OctoberCMS/vendor/laravel/framework/src/Illuminate/Cookie/Middleware/EncryptCookies.php(68): Illuminate\Routing\Pipeline->Illuminate\Routing\{closure}(Object(Illuminate\Http\Request))
#32 /Users/davinjaya/Sites/OctoberCMS/vendor/laravel/framework/src/Illuminate/Pipeline/Pipeline.php(149): Illuminate\Cookie\Middleware\EncryptCookies->handle(Object(Illuminate\Http\Request), Object(Closure))
#33 /Users/davinjaya/Sites/OctoberCMS/vendor/laravel/framework/src/Illuminate/Routing/Pipeline.php(53): Illuminate\Pipeline\Pipeline->Illuminate\Pipeline\{closure}(Object(Illuminate\Http\Request))
#34 /Users/davinjaya/Sites/OctoberCMS/vendor/laravel/framework/src/Illuminate/Pipeline/Pipeline.php(102): Illuminate\Routing\Pipeline->Illuminate\Routing\{closure}(Object(Illuminate\Http\Request))
#35 /Users/davinjaya/Sites/OctoberCMS/vendor/laravel/framework/src/Illuminate/Routing/Router.php(660): Illuminate\Pipeline\Pipeline->then(Object(Closure))
#36 /Users/davinjaya/Sites/OctoberCMS/vendor/laravel/framework/src/Illuminate/Routing/Router.php(635): Illuminate\Routing\Router->runRouteWithinStack(Object(Illuminate\Routing\Route), Object(Illuminate\Http\Request))
#37 /Users/davinjaya/Sites/OctoberCMS/vendor/laravel/framework/src/Illuminate/Routing/Router.php(601): Illuminate\Routing\Router->runRoute(Object(Illuminate\Http\Request), Object(Illuminate\Routing\Route))
#38 /Users/davinjaya/Sites/OctoberCMS/vendor/october/rain/src/Router/CoreRouter.php(20): Illuminate\Routing\Router->dispatchToRoute(Object(Illuminate\Http\Request))
#39 /Users/davinjaya/Sites/OctoberCMS/vendor/laravel/framework/src/Illuminate/Foundation/Http/Kernel.php(176): October\Rain\Router\CoreRouter->dispatch(Object(Illuminate\Http\Request))
#40 /Users/davinjaya/Sites/OctoberCMS/vendor/laravel/framework/src/Illuminate/Routing/Pipeline.php(30): Illuminate\Foundation\Http\Kernel->Illuminate\Foundation\Http\{closure}(Object(Illuminate\Http\Request))
#41 /Users/davinjaya/Sites/OctoberCMS/vendor/laravel/framework/src/Illuminate/Foundation/Http/Middleware/CheckForMaintenanceMode.php(46): Illuminate\Routing\Pipeline->Illuminate\Routing\{closure}(Object(Illuminate\Http\Request))
#42 /Users/davinjaya/Sites/OctoberCMS/vendor/october/rain/src/Foundation/Http/Middleware/CheckForMaintenanceMode.php(25): Illuminate\Foundation\Http\Middleware\CheckForMaintenanceMode->handle(Object(Illuminate\Http\Request), Object(Closure))
#43 /Users/davinjaya/Sites/OctoberCMS/vendor/laravel/framework/src/Illuminate/Pipeline/Pipeline.php(149): October\Rain\Foundation\Http\Middleware\CheckForMaintenanceMode->handle(Object(Illuminate\Http\Request), Object(Closure))
#44 /Users/davinjaya/Sites/OctoberCMS/vendor/laravel/framework/src/Illuminate/Routing/Pipeline.php(53): Illuminate\Pipeline\Pipeline->Illuminate\Pipeline\{closure}(Object(Illuminate\Http\Request))
#45 /Users/davinjaya/Sites/OctoberCMS/vendor/laravel/framework/src/Illuminate/Pipeline/Pipeline.php(102): Illuminate\Routing\Pipeline->Illuminate\Routing\{closure}(Object(Illuminate\Http\Request))
#46 /Users/davinjaya/Sites/OctoberCMS/vendor/laravel/framework/src/Illuminate/Foundation/Http/Kernel.php(151): Illuminate\Pipeline\Pipeline->then(Object(Closure))
#47 /Users/davinjaya/Sites/OctoberCMS/vendor/laravel/framework/src/Illuminate/Foundation/Http/Kernel.php(116): Illuminate\Foundation\Http\Kernel->sendRequestThroughRouter(Object(Illuminate\Http\Request))
#48 /Users/davinjaya/Sites/OctoberCMS/index.php(43): Illuminate\Foundation\Http\Kernel->handle(Object(Illuminate\Http\Request))
#49 {main}  
[2020-12-16 15:00:39] development.ERROR: Symfony\Component\Debug\Exception\FatalThrowableError: Parse error: syntax error, unexpected '.', expecting variable (T_VARIABLE) or '{' or '$' in /Users/davinjaya/Sites/OctoberCMS/modules/cms/Classes/CodeParser.php(291) : eval()'d code:5
Stack trace:
#0 /Users/davinjaya/Sites/OctoberCMS/modules/cms/Classes/CodeParser.php(154): Cms\Classes\CodeParser->validate('<?php \nclass Cm...')
#1 /Users/davinjaya/Sites/OctoberCMS/modules/cms/Classes/CodeParser.php(112): Cms\Classes\CodeParser->rebuild('/Users/davinjay...')
#2 /Users/davinjaya/Sites/OctoberCMS/modules/cms/Classes/CodeParser.php(172): Cms\Classes\CodeParser->parse()
#3 /Users/davinjaya/Sites/OctoberCMS/modules/cms/Classes/Controller.php(1072): Cms\Classes\CodeParser->source(Object(Cms\Classes\Page), Object(Cms\Classes\Layout), Object(Cms\Classes\Controller))
#4 /Users/davinjaya/Sites/OctoberCMS/modules/cms/Twig/Extension.php(102): Cms\Classes\Controller->renderPartial('hero-banner.htm', Array, true)
#5 /Users/davinjaya/Sites/OctoberCMS/storage/cms/twig/bc/bcd026dbf5e4d42cf6662f9bbf97a400102aede518b59e835428dc6a4c4a781b.php(66): Cms\Twig\Extension->partialFunction('hero-banner.htm', Array, true)
#6 /Users/davinjaya/Sites/OctoberCMS/vendor/twig/twig/src/Template.php(407): __TwigTemplate_2cf55e4cd619e5d24e1560289c46a92c6f0048819344686bc7ad1be332772964->doDisplay(Array, Array)
#7 /Users/davinjaya/Sites/OctoberCMS/vendor/twig/twig/src/Template.php(380): Twig\Template->displayWithErrorHandling(Array, Array)
#8 /Users/davinjaya/Sites/OctoberCMS/vendor/twig/twig/src/Template.php(392): Twig\Template->display(Array)
#9 /Users/davinjaya/Sites/OctoberCMS/modules/cms/Classes/Controller.php(425): Twig\Template->render(Array)
#10 /Users/davinjaya/Sites/OctoberCMS/modules/cms/Classes/Controller.php(225): Cms\Classes\Controller->runPage(Object(Cms\Classes\Page))
#11 /Users/davinjaya/Sites/OctoberCMS/modules/cms/Classes/CmsController.php(50): Cms\Classes\Controller->run('demo/hero')
#12 [internal function]: Cms\Classes\CmsController->run('demo/hero')
#13 /Users/davinjaya/Sites/OctoberCMS/vendor/laravel/framework/src/Illuminate/Routing/Controller.php(54): call_user_func_array(Array, Array)
#14 /Users/davinjaya/Sites/OctoberCMS/vendor/laravel/framework/src/Illuminate/Routing/ControllerDispatcher.php(45): Illuminate\Routing\Controller->callAction('run', Array)
#15 /Users/davinjaya/Sites/OctoberCMS/vendor/laravel/framework/src/Illuminate/Routing/Route.php(212): Illuminate\Routing\ControllerDispatcher->dispatch(Object(Illuminate\Routing\Route), Object(Cms\Classes\CmsController), 'run')
#16 /Users/davinjaya/Sites/OctoberCMS/vendor/laravel/framework/src/Illuminate/Routing/Route.php(169): Illuminate\Routing\Route->runController()
#17 /Users/davinjaya/Sites/OctoberCMS/vendor/laravel/framework/src/Illuminate/Routing/Router.php(658): Illuminate\Routing\Route->run()
#18 /Users/davinjaya/Sites/OctoberCMS/vendor/laravel/framework/src/Illuminate/Routing/Pipeline.php(30): Illuminate\Routing\Router->Illuminate\Routing\{closure}(Object(Illuminate\Http\Request))
#19 /Users/davinjaya/Sites/OctoberCMS/vendor/laravel/framework/src/Illuminate/Routing/Middleware/SubstituteBindings.php(41): Illuminate\Routing\Pipeline->Illuminate\Routing\{closure}(Object(Illuminate\Http\Request))
#20 /Users/davinjaya/Sites/OctoberCMS/vendor/laravel/framework/src/Illuminate/Pipeline/Pipeline.php(149): Illuminate\Routing\Middleware\SubstituteBindings->handle(Object(Illuminate\Http\Request), Object(Closure))
#21 /Users/davinjaya/Sites/OctoberCMS/vendor/laravel/framework/src/Illuminate/Routing/Pipeline.php(53): Illuminate\Pipeline\Pipeline->Illuminate\Pipeline\{closure}(Object(Illuminate\Http\Request))
#22 /Users/davinjaya/Sites/OctoberCMS/vendor/laravel/framework/src/Illuminate/View/Middleware/ShareErrorsFromSession.php(49): Illuminate\Routing\Pipeline->Illuminate\Routing\{closure}(Object(Illuminate\Http\Request))
#23 /Users/davinjaya/Sites/OctoberCMS/vendor/laravel/framework/src/Illuminate/Pipeline/Pipeline.php(149): Illuminate\View\Middleware\ShareErrorsFromSession->handle(Object(Illuminate\Http\Request), Object(Closure))
#24 /Users/davinjaya/Sites/OctoberCMS/vendor/laravel/framework/src/Illuminate/Routing/Pipeline.php(53): Illuminate\Pipeline\Pipeline->Illuminate\Pipeline\{closure}(Object(Illuminate\Http\Request))
#25 /Users/davinjaya/Sites/OctoberCMS/vendor/laravel/framework/src/Illuminate/Session/Middleware/StartSession.php(63): Illuminate\Routing\Pipeline->Illuminate\Routing\{closure}(Object(Illuminate\Http\Request))
#26 /Users/davinjaya/Sites/OctoberCMS/vendor/laravel/framework/src/Illuminate/Pipeline/Pipeline.php(149): Illuminate\Session\Middleware\StartSession->handle(Object(Illuminate\Http\Request), Object(Closure))
#27 /Users/davinjaya/Sites/OctoberCMS/vendor/laravel/framework/src/Illuminate/Routing/Pipeline.php(53): Illuminate\Pipeline\Pipeline->Illuminate\Pipeline\{closure}(Object(Illuminate\Http\Request))
#28 /Users/davinjaya/Sites/OctoberCMS/vendor/laravel/framework/src/Illuminate/Cookie/Middleware/AddQueuedCookiesToResponse.php(37): Illuminate\Routing\Pipeline->Illuminate\Routing\{closure}(Object(Illuminate\Http\Request))
#29 /Users/davinjaya/Sites/OctoberCMS/vendor/laravel/framework/src/Illuminate/Pipeline/Pipeline.php(149): Illuminate\Cookie\Middleware\AddQueuedCookiesToResponse->handle(Object(Illuminate\Http\Request), Object(Closure))
#30 /Users/davinjaya/Sites/OctoberCMS/vendor/laravel/framework/src/Illuminate/Routing/Pipeline.php(53): Illuminate\Pipeline\Pipeline->Illuminate\Pipeline\{closure}(Object(Illuminate\Http\Request))
#31 /Users/davinjaya/Sites/OctoberCMS/vendor/laravel/framework/src/Illuminate/Cookie/Middleware/EncryptCookies.php(68): Illuminate\Routing\Pipeline->Illuminate\Routing\{closure}(Object(Illuminate\Http\Request))
#32 /Users/davinjaya/Sites/OctoberCMS/vendor/laravel/framework/src/Illuminate/Pipeline/Pipeline.php(149): Illuminate\Cookie\Middleware\EncryptCookies->handle(Object(Illuminate\Http\Request), Object(Closure))
#33 /Users/davinjaya/Sites/OctoberCMS/vendor/laravel/framework/src/Illuminate/Routing/Pipeline.php(53): Illuminate\Pipeline\Pipeline->Illuminate\Pipeline\{closure}(Object(Illuminate\Http\Request))
#34 /Users/davinjaya/Sites/OctoberCMS/vendor/laravel/framework/src/Illuminate/Pipeline/Pipeline.php(102): Illuminate\Routing\Pipeline->Illuminate\Routing\{closure}(Object(Illuminate\Http\Request))
#35 /Users/davinjaya/Sites/OctoberCMS/vendor/laravel/framework/src/Illuminate/Routing/Router.php(660): Illuminate\Pipeline\Pipeline->then(Object(Closure))
#36 /Users/davinjaya/Sites/OctoberCMS/vendor/laravel/framework/src/Illuminate/Routing/Router.php(635): Illuminate\Routing\Router->runRouteWithinStack(Object(Illuminate\Routing\Route), Object(Illuminate\Http\Request))
#37 /Users/davinjaya/Sites/OctoberCMS/vendor/laravel/framework/src/Illuminate/Routing/Router.php(601): Illuminate\Routing\Router->runRoute(Object(Illuminate\Http\Request), Object(Illuminate\Routing\Route))
#38 /Users/davinjaya/Sites/OctoberCMS/vendor/october/rain/src/Router/CoreRouter.php(20): Illuminate\Routing\Router->dispatchToRoute(Object(Illuminate\Http\Request))
#39 /Users/davinjaya/Sites/OctoberCMS/vendor/laravel/framework/src/Illuminate/Foundation/Http/Kernel.php(176): October\Rain\Router\CoreRouter->dispatch(Object(Illuminate\Http\Request))
#40 /Users/davinjaya/Sites/OctoberCMS/vendor/laravel/framework/src/Illuminate/Routing/Pipeline.php(30): Illuminate\Foundation\Http\Kernel->Illuminate\Foundation\Http\{closure}(Object(Illuminate\Http\Request))
#41 /Users/davinjaya/Sites/OctoberCMS/vendor/laravel/framework/src/Illuminate/Foundation/Http/Middleware/CheckForMaintenanceMode.php(46): Illuminate\Routing\Pipeline->Illuminate\Routing\{closure}(Object(Illuminate\Http\Request))
#42 /Users/davinjaya/Sites/OctoberCMS/vendor/october/rain/src/Foundation/Http/Middleware/CheckForMaintenanceMode.php(25): Illuminate\Foundation\Http\Middleware\CheckForMaintenanceMode->handle(Object(Illuminate\Http\Request), Object(Closure))
#43 /Users/davinjaya/Sites/OctoberCMS/vendor/laravel/framework/src/Illuminate/Pipeline/Pipeline.php(149): October\Rain\Foundation\Http\Middleware\CheckForMaintenanceMode->handle(Object(Illuminate\Http\Request), Object(Closure))
#44 /Users/davinjaya/Sites/OctoberCMS/vendor/laravel/framework/src/Illuminate/Routing/Pipeline.php(53): Illuminate\Pipeline\Pipeline->Illuminate\Pipeline\{closure}(Object(Illuminate\Http\Request))
#45 /Users/davinjaya/Sites/OctoberCMS/vendor/laravel/framework/src/Illuminate/Pipeline/Pipeline.php(102): Illuminate\Routing\Pipeline->Illuminate\Routing\{closure}(Object(Illuminate\Http\Request))
#46 /Users/davinjaya/Sites/OctoberCMS/vendor/laravel/framework/src/Illuminate/Foundation/Http/Kernel.php(151): Illuminate\Pipeline\Pipeline->then(Object(Closure))
#47 /Users/davinjaya/Sites/OctoberCMS/vendor/laravel/framework/src/Illuminate/Foundation/Http/Kernel.php(116): Illuminate\Foundation\Http\Kernel->sendRequestThroughRouter(Object(Illuminate\Http\Request))
#48 /Users/davinjaya/Sites/OctoberCMS/index.php(43): Illuminate\Foundation\Http\Kernel->handle(Object(Illuminate\Http\Request))
#49 {main}  
[2020-12-16 15:01:03] development.ERROR: Symfony\Component\Debug\Exception\FatalThrowableError: Parse error: syntax error, unexpected '=' in /Users/davinjaya/Sites/OctoberCMS/modules/cms/Classes/CodeParser.php(291) : eval()'d code:5
Stack trace:
#0 /Users/davinjaya/Sites/OctoberCMS/modules/cms/Classes/CodeParser.php(154): Cms\Classes\CodeParser->validate('<?php \nclass Cm...')
#1 /Users/davinjaya/Sites/OctoberCMS/modules/cms/Classes/CodeParser.php(112): Cms\Classes\CodeParser->rebuild('/Users/davinjay...')
#2 /Users/davinjaya/Sites/OctoberCMS/modules/cms/Classes/CodeParser.php(172): Cms\Classes\CodeParser->parse()
#3 /Users/davinjaya/Sites/OctoberCMS/modules/cms/Classes/Controller.php(1072): Cms\Classes\CodeParser->source(Object(Cms\Classes\Page), Object(Cms\Classes\Layout), Object(Cms\Classes\Controller))
#4 /Users/davinjaya/Sites/OctoberCMS/modules/cms/Twig/Extension.php(102): Cms\Classes\Controller->renderPartial('hero-banner.htm', Array, true)
#5 /Users/davinjaya/Sites/OctoberCMS/storage/cms/twig/bc/bcd026dbf5e4d42cf6662f9bbf97a400102aede518b59e835428dc6a4c4a781b.php(66): Cms\Twig\Extension->partialFunction('hero-banner.htm', Array, true)
#6 /Users/davinjaya/Sites/OctoberCMS/vendor/twig/twig/src/Template.php(407): __TwigTemplate_2cf55e4cd619e5d24e1560289c46a92c6f0048819344686bc7ad1be332772964->doDisplay(Array, Array)
#7 /Users/davinjaya/Sites/OctoberCMS/vendor/twig/twig/src/Template.php(380): Twig\Template->displayWithErrorHandling(Array, Array)
#8 /Users/davinjaya/Sites/OctoberCMS/vendor/twig/twig/src/Template.php(392): Twig\Template->display(Array)
#9 /Users/davinjaya/Sites/OctoberCMS/modules/cms/Classes/Controller.php(425): Twig\Template->render(Array)
#10 /Users/davinjaya/Sites/OctoberCMS/modules/cms/Classes/Controller.php(225): Cms\Classes\Controller->runPage(Object(Cms\Classes\Page))
#11 /Users/davinjaya/Sites/OctoberCMS/modules/cms/Classes/CmsController.php(50): Cms\Classes\Controller->run('demo/hero')
#12 [internal function]: Cms\Classes\CmsController->run('demo/hero')
#13 /Users/davinjaya/Sites/OctoberCMS/vendor/laravel/framework/src/Illuminate/Routing/Controller.php(54): call_user_func_array(Array, Array)
#14 /Users/davinjaya/Sites/OctoberCMS/vendor/laravel/framework/src/Illuminate/Routing/ControllerDispatcher.php(45): Illuminate\Routing\Controller->callAction('run', Array)
#15 /Users/davinjaya/Sites/OctoberCMS/vendor/laravel/framework/src/Illuminate/Routing/Route.php(212): Illuminate\Routing\ControllerDispatcher->dispatch(Object(Illuminate\Routing\Route), Object(Cms\Classes\CmsController), 'run')
#16 /Users/davinjaya/Sites/OctoberCMS/vendor/laravel/framework/src/Illuminate/Routing/Route.php(169): Illuminate\Routing\Route->runController()
#17 /Users/davinjaya/Sites/OctoberCMS/vendor/laravel/framework/src/Illuminate/Routing/Router.php(658): Illuminate\Routing\Route->run()
#18 /Users/davinjaya/Sites/OctoberCMS/vendor/laravel/framework/src/Illuminate/Routing/Pipeline.php(30): Illuminate\Routing\Router->Illuminate\Routing\{closure}(Object(Illuminate\Http\Request))
#19 /Users/davinjaya/Sites/OctoberCMS/vendor/laravel/framework/src/Illuminate/Routing/Middleware/SubstituteBindings.php(41): Illuminate\Routing\Pipeline->Illuminate\Routing\{closure}(Object(Illuminate\Http\Request))
#20 /Users/davinjaya/Sites/OctoberCMS/vendor/laravel/framework/src/Illuminate/Pipeline/Pipeline.php(149): Illuminate\Routing\Middleware\SubstituteBindings->handle(Object(Illuminate\Http\Request), Object(Closure))
#21 /Users/davinjaya/Sites/OctoberCMS/vendor/laravel/framework/src/Illuminate/Routing/Pipeline.php(53): Illuminate\Pipeline\Pipeline->Illuminate\Pipeline\{closure}(Object(Illuminate\Http\Request))
#22 /Users/davinjaya/Sites/OctoberCMS/vendor/laravel/framework/src/Illuminate/View/Middleware/ShareErrorsFromSession.php(49): Illuminate\Routing\Pipeline->Illuminate\Routing\{closure}(Object(Illuminate\Http\Request))
#23 /Users/davinjaya/Sites/OctoberCMS/vendor/laravel/framework/src/Illuminate/Pipeline/Pipeline.php(149): Illuminate\View\Middleware\ShareErrorsFromSession->handle(Object(Illuminate\Http\Request), Object(Closure))
#24 /Users/davinjaya/Sites/OctoberCMS/vendor/laravel/framework/src/Illuminate/Routing/Pipeline.php(53): Illuminate\Pipeline\Pipeline->Illuminate\Pipeline\{closure}(Object(Illuminate\Http\Request))
#25 /Users/davinjaya/Sites/OctoberCMS/vendor/laravel/framework/src/Illuminate/Session/Middleware/StartSession.php(63): Illuminate\Routing\Pipeline->Illuminate\Routing\{closure}(Object(Illuminate\Http\Request))
#26 /Users/davinjaya/Sites/OctoberCMS/vendor/laravel/framework/src/Illuminate/Pipeline/Pipeline.php(149): Illuminate\Session\Middleware\StartSession->handle(Object(Illuminate\Http\Request), Object(Closure))
#27 /Users/davinjaya/Sites/OctoberCMS/vendor/laravel/framework/src/Illuminate/Routing/Pipeline.php(53): Illuminate\Pipeline\Pipeline->Illuminate\Pipeline\{closure}(Object(Illuminate\Http\Request))
#28 /Users/davinjaya/Sites/OctoberCMS/vendor/laravel/framework/src/Illuminate/Cookie/Middleware/AddQueuedCookiesToResponse.php(37): Illuminate\Routing\Pipeline->Illuminate\Routing\{closure}(Object(Illuminate\Http\Request))
#29 /Users/davinjaya/Sites/OctoberCMS/vendor/laravel/framework/src/Illuminate/Pipeline/Pipeline.php(149): Illuminate\Cookie\Middleware\AddQueuedCookiesToResponse->handle(Object(Illuminate\Http\Request), Object(Closure))
#30 /Users/davinjaya/Sites/OctoberCMS/vendor/laravel/framework/src/Illuminate/Routing/Pipeline.php(53): Illuminate\Pipeline\Pipeline->Illuminate\Pipeline\{closure}(Object(Illuminate\Http\Request))
#31 /Users/davinjaya/Sites/OctoberCMS/vendor/laravel/framework/src/Illuminate/Cookie/Middleware/EncryptCookies.php(68): Illuminate\Routing\Pipeline->Illuminate\Routing\{closure}(Object(Illuminate\Http\Request))
#32 /Users/davinjaya/Sites/OctoberCMS/vendor/laravel/framework/src/Illuminate/Pipeline/Pipeline.php(149): Illuminate\Cookie\Middleware\EncryptCookies->handle(Object(Illuminate\Http\Request), Object(Closure))
#33 /Users/davinjaya/Sites/OctoberCMS/vendor/laravel/framework/src/Illuminate/Routing/Pipeline.php(53): Illuminate\Pipeline\Pipeline->Illuminate\Pipeline\{closure}(Object(Illuminate\Http\Request))
#34 /Users/davinjaya/Sites/OctoberCMS/vendor/laravel/framework/src/Illuminate/Pipeline/Pipeline.php(102): Illuminate\Routing\Pipeline->Illuminate\Routing\{closure}(Object(Illuminate\Http\Request))
#35 /Users/davinjaya/Sites/OctoberCMS/vendor/laravel/framework/src/Illuminate/Routing/Router.php(660): Illuminate\Pipeline\Pipeline->then(Object(Closure))
#36 /Users/davinjaya/Sites/OctoberCMS/vendor/laravel/framework/src/Illuminate/Routing/Router.php(635): Illuminate\Routing\Router->runRouteWithinStack(Object(Illuminate\Routing\Route), Object(Illuminate\Http\Request))
#37 /Users/davinjaya/Sites/OctoberCMS/vendor/laravel/framework/src/Illuminate/Routing/Router.php(601): Illuminate\Routing\Router->runRoute(Object(Illuminate\Http\Request), Object(Illuminate\Routing\Route))
#38 /Users/davinjaya/Sites/OctoberCMS/vendor/october/rain/src/Router/CoreRouter.php(20): Illuminate\Routing\Router->dispatchToRoute(Object(Illuminate\Http\Request))
#39 /Users/davinjaya/Sites/OctoberCMS/vendor/laravel/framework/src/Illuminate/Foundation/Http/Kernel.php(176): October\Rain\Router\CoreRouter->dispatch(Object(Illuminate\Http\Request))
#40 /Users/davinjaya/Sites/OctoberCMS/vendor/laravel/framework/src/Illuminate/Routing/Pipeline.php(30): Illuminate\Foundation\Http\Kernel->Illuminate\Foundation\Http\{closure}(Object(Illuminate\Http\Request))
#41 /Users/davinjaya/Sites/OctoberCMS/vendor/laravel/framework/src/Illuminate/Foundation/Http/Middleware/CheckForMaintenanceMode.php(46): Illuminate\Routing\Pipeline->Illuminate\Routing\{closure}(Object(Illuminate\Http\Request))
#42 /Users/davinjaya/Sites/OctoberCMS/vendor/october/rain/src/Foundation/Http/Middleware/CheckForMaintenanceMode.php(25): Illuminate\Foundation\Http\Middleware\CheckForMaintenanceMode->handle(Object(Illuminate\Http\Request), Object(Closure))
#43 /Users/davinjaya/Sites/OctoberCMS/vendor/laravel/framework/src/Illuminate/Pipeline/Pipeline.php(149): October\Rain\Foundation\Http\Middleware\CheckForMaintenanceMode->handle(Object(Illuminate\Http\Request), Object(Closure))
#44 /Users/davinjaya/Sites/OctoberCMS/vendor/laravel/framework/src/Illuminate/Routing/Pipeline.php(53): Illuminate\Pipeline\Pipeline->Illuminate\Pipeline\{closure}(Object(Illuminate\Http\Request))
#45 /Users/davinjaya/Sites/OctoberCMS/vendor/laravel/framework/src/Illuminate/Pipeline/Pipeline.php(102): Illuminate\Routing\Pipeline->Illuminate\Routing\{closure}(Object(Illuminate\Http\Request))
#46 /Users/davinjaya/Sites/OctoberCMS/vendor/laravel/framework/src/Illuminate/Foundation/Http/Kernel.php(151): Illuminate\Pipeline\Pipeline->then(Object(Closure))
#47 /Users/davinjaya/Sites/OctoberCMS/vendor/laravel/framework/src/Illuminate/Foundation/Http/Kernel.php(116): Illuminate\Foundation\Http\Kernel->sendRequestThroughRouter(Object(Illuminate\Http\Request))
#48 /Users/davinjaya/Sites/OctoberCMS/index.php(43): Illuminate\Foundation\Http\Kernel->handle(Object(Illuminate\Http\Request))
#49 {main}  
